#
# A fatal error has been detected by the Java Runtime Environment:
#
#  EXCEPTION_ACCESS_VIOLATION (0xc0000005) at pc=0x000001df1a4a9c25, pid=25384, tid=22644
#
# JRE version: Java(TM) SE Runtime Environment (11.0.6+8) (build 11.0.6+8-LTS)
# Java VM: Java HotSpot(TM) 64-Bit Server VM (11.0.6+8-LTS, mixed mode, tiered, compressed oops, g1 gc, windows-amd64)
# Problematic frame:
# C  0x000001df1a4a9c25
#
# No core dump will be written. Minidumps are not enabled by default on client versions of Windows
#
# If you would like to submit a bug report, please visit:
#   http://bugreport.java.com/bugreport/crash.jsp
#

---------------  S U M M A R Y ------------

Command Line: -ea -Dtestng.dtd.http=true -Dfile.encoding=Cp1252 org.testng.remote.RemoteTestNG -serport 59113 -protocol json -d C:\Users\kaab_\eclipse-workspace\TribaleScale\test-output C:\Users\kaab_\eclipse-workspace\TribaleScale\TestNG.xml

Host: Intel(R) Celeron(R) N4000 CPU @ 1.10GHz, 2 cores, 3G,  Windows 10 , 64 bit Build 18362 (10.0.18362.959)
Time: Sat Oct  3 07:48:30 2020 Eastern Daylight Time elapsed time: 8 seconds (0d 0h 0m 8s)

---------------  T H R E A D  ---------------

Current thread (0x000001dec6124000):  JavaThread "main" [_thread_in_Java, id=22644, stack(0x00000031da800000,0x00000031da900000)]

Stack: [0x00000031da800000,0x00000031da900000],  sp=0x00000031da8fb2d0,  free space=1004k
Native frames: (J=compiled Java code, j=interpreted, Vv=VM code, C=native code)
C  0x000001df1a4a9c25


siginfo: EXCEPTION_ACCESS_VIOLATION (0xc0000005), data execution prevention violation at address 0x000001df1a4a9c25


Register to memory mapping:

RIP=0x000001df1a4a9c25 is an unknown value
RAX=0x00000000c589b710 is an oop: java.util.ImmutableCollections$ListN 
{0x00000000c589b710} - klass: 'java/util/ImmutableCollections$ListN'
RBX=0x0 is NULL
RCX=0x0000000080000089 is an unknown value
RDX=0x00000031da8fb278 is pointing into the stack for thread: 0x000001dec6124000
RSP=0x00000031da8fb2d0 is pointing into the stack for thread: 0x000001dec6124000
RBP=0x00000031da8fb320 is pointing into the stack for thread: 0x000001dec6124000
RSI=0x000001dee1c56300 is pointing into metadata
RDI=0x00000000001c7280 is an unknown value
R8 =0x0 is NULL
R9 =0x000000000000000b is an unknown value
R10=0x00007ff85e6a831b jvm.dll
R11=0x000001ded5f86da0 is at entry_point+0 in (nmethod*)0x000001ded5f86c10
R12=0x0 is NULL
R13=0x000001dee1f6db53 is pointing into metadata
R14=0x00000031da8fb350 is pointing into the stack for thread: 0x000001dec6124000
R15=0x000001dec6124000 is a thread


Registers:
RAX=0x00000000c589b710, RBX=0x0000000000000000, RCX=0x0000000080000089, RDX=0x00000031da8fb278
RSP=0x00000031da8fb2d0, RBP=0x00000031da8fb320, RSI=0x000001dee1c56300, RDI=0x00000000001c7280
R8 =0x0000000000000000, R9 =0x000000000000000b, R10=0x00007ff85e6a831b, R11=0x000001ded5f86da0
R12=0x0000000000000000, R13=0x000001dee1f6db53, R14=0x00000031da8fb350, R15=0x000001dec6124000
RIP=0x000001df1a4a9c25, EFLAGS=0x0000000000010246

Top of Stack: (sp=0x00000031da8fb2d0)
0x00000031da8fb2d0:   00000000c5899e88 00000031da8fb2d8
0x00000031da8fb2e0:   000001dee1f6db53 00000031da8fb350
0x00000031da8fb2f0:   000001dee1f6e760 0000000000000000
0x00000031da8fb300:   00000000c303f778 000001dee1f6dba8
0x00000031da8fb310:   0000000000000000 00000031da8fb340
0x00000031da8fb320:   00000031da8fb3a8 000001dece4a9b80
0x00000031da8fb330:   000000000000000b 00000000c5899e88
0x00000031da8fb340:   00000000c5899038 00000000c58991d8
0x00000031da8fb350:   00000000c3023720 00000000c5898f48
0x00000031da8fb360:   00000031da8fb360 000001dee1f6de4a
0x00000031da8fb370:   00000031da8fb3d0 000001dee1f6e760
0x00000031da8fb380:   0000000000000000 00000000c303f778
0x00000031da8fb390:   000001dee1f6dea0 00000031da8fb340
0x00000031da8fb3a0:   00000031da8fb3c0 00000031da8fb420
0x00000031da8fb3b0:   000001dece4a9e03 00000000c5899038
0x00000031da8fb3c0:   00000000c58991d8 00000000c5898f48 

Instructions: (pc=0x000001df1a4a9c25)
0x000001df1a4a9c05:   ?? ?? ?? ?? ?? ?? ?? ?? ?? ?? ?? ?? ?? ?? ?? ??
0x000001df1a4a9c15:   ?? ?? ?? ?? ?? ?? ?? ?? ?? ?? ?? ?? ?? ?? ?? ??
0x000001df1a4a9c25:   ?? ?? ?? ?? ?? ?? ?? ?? ?? ?? ?? ?? ?? ?? ?? ??
0x000001df1a4a9c35:   ?? ?? ?? ?? ?? ?? ?? ?? ?? ?? ?? ?? ?? ?? ?? ?? 


Stack slot to memory mapping:
stack at sp + 0 slots: 0x00000000c5899e88 is an oop: [Ljava.lang.invoke.MethodHandle; 
{0x00000000c5899e88} - klass: 'java/lang/invoke/MethodHandle'[]
 - length: 11
stack at sp + 1 slots: 0x00000031da8fb2d8 is pointing into the stack for thread: 0x000001dec6124000
stack at sp + 2 slots: 0x000001dee1f6db53 is pointing into metadata
stack at sp + 3 slots: 0x00000031da8fb350 is pointing into the stack for thread: 0x000001dec6124000
stack at sp + 4 slots: 0x000001dee1f6e760 is pointing into metadata
stack at sp + 5 slots: 0x0 is NULL
stack at sp + 6 slots: 0x00000000c303f778 is an oop: java.lang.Class 
{0x00000000c303f778} - klass: 'java/lang/Class'
stack at sp + 7 slots: {method} {0x000001dee1f6dbb0} 'findGetters' '(Ljava/lang/Class;Ljava/util/List;)Ljava/util/List;' in 'java/lang/invoke/ClassSpecializer$Factory'


---------------  P R O C E S S  ---------------

Threads class SMR info:
_java_thread_list=0x000001dee2eb1f40, length=12, elements={
0x000001dec6124000, 0x000001dee197f000, 0x000001dee19ac000, 0x000001dee1a0d000,
0x000001dee1a0e000, 0x000001dee1a11000, 0x000001dee1a14800, 0x000001dee19c3000,
0x000001dee246a800, 0x000001dee247d000, 0x000001dee2f07000, 0x000001dee300c000
}

Java Threads: ( => current thread )
=>0x000001dec6124000 JavaThread "main" [_thread_in_Java, id=22644, stack(0x00000031da800000,0x00000031da900000)]
  0x000001dee197f000 JavaThread "Reference Handler" daemon [_thread_blocked, id=112, stack(0x00000031daf00000,0x00000031db000000)]
  0x000001dee19ac000 JavaThread "Finalizer" daemon [_thread_blocked, id=15548, stack(0x00000031db000000,0x00000031db100000)]
  0x000001dee1a0d000 JavaThread "Signal Dispatcher" daemon [_thread_blocked, id=9260, stack(0x00000031db100000,0x00000031db200000)]
  0x000001dee1a0e000 JavaThread "Attach Listener" daemon [_thread_blocked, id=12648, stack(0x00000031db200000,0x00000031db300000)]
  0x000001dee1a11000 JavaThread "C2 CompilerThread0" daemon [_thread_blocked, id=10620, stack(0x00000031db300000,0x00000031db400000)]
  0x000001dee1a14800 JavaThread "C1 CompilerThread0" daemon [_thread_blocked, id=2916, stack(0x00000031db400000,0x00000031db500000)]
  0x000001dee19c3000 JavaThread "Sweeper thread" daemon [_thread_blocked, id=14080, stack(0x00000031db500000,0x00000031db600000)]
  0x000001dee246a800 JavaThread "Service Thread" daemon [_thread_blocked, id=24492, stack(0x00000031db600000,0x00000031db700000)]
  0x000001dee247d000 JavaThread "Common-Cleaner" daemon [_thread_blocked, id=20352, stack(0x00000031db800000,0x00000031db900000)]
  0x000001dee2f07000 JavaThread "ReaderThread" [_thread_in_native, id=25560, stack(0x00000031dbb00000,0x00000031dbc00000)]
  0x000001dee300c000 JavaThread "Keep-Alive-Timer" daemon [_thread_blocked, id=15348, stack(0x00000031dbc00000,0x00000031dbd00000)]

Other Threads:
  0x000001dee197a800 VMThread "VM Thread" [stack: 0x00000031dae00000,0x00000031daf00000] [id=10348]
  0x000001dee2478800 WatcherThread [stack: 0x00000031db700000,0x00000031db800000] [id=1484]
  0x000001dec613a000 GCTaskThread "GC Thread#0" [stack: 0x00000031da900000,0x00000031daa00000] [id=16644]
  0x000001dee2709000 GCTaskThread "GC Thread#1" [stack: 0x00000031db900000,0x00000031dba00000] [id=20452]
  0x000001dec6153000 ConcurrentGCThread "G1 Main Marker" [stack: 0x00000031daa00000,0x00000031dab00000] [id=13224]
  0x000001dec615b800 ConcurrentGCThread "G1 Conc#0" [stack: 0x00000031dab00000,0x00000031dac00000] [id=25532]
  0x000001dec6198800 ConcurrentGCThread "G1 Refine#0" [stack: 0x00000031dac00000,0x00000031dad00000] [id=23352]
  0x000001dec6199800 ConcurrentGCThread "G1 Young RemSet Sampling" [stack: 0x00000031dad00000,0x00000031dae00000] [id=23712]

Threads with active compile tasks:

VM state:not at safepoint (normal execution)

VM Mutex/Monitor currently owned by a thread: None

Heap address: 0x00000000c2c00000, size: 980 MB, Compressed Oops mode: 32-bit
Narrow klass base: 0x0000000000000000, Narrow klass shift: 3
Compressed class space size: 1073741824 Address: 0x0000000100000000

Heap:
 garbage-first heap   total 63488K, used 28093K [0x00000000c2c00000, 0x0000000100000000)
  region size 1024K, 19 young (19456K), 1 survivors (1024K)
 Metaspace       used 28784K, capacity 29269K, committed 29568K, reserved 1075200K
  class space    used 3126K, capacity 3331K, committed 3456K, reserved 1048576K
Heap Regions: E=young(eden), S=young(survivor), O=old, HS=humongous(starts), HC=humongous(continues), CS=collection set, F=free, A=archive, TAMS=top-at-mark-start (previous, next)
|   0|0x00000000c2c00000, 0x00000000c2d00000, 0x00000000c2d00000|100%|HS|  |TAMS 0x00000000c2d00000, 0x00000000c2c00000| Complete 
|   1|0x00000000c2d00000, 0x00000000c2e00000, 0x00000000c2e00000|100%| O|  |TAMS 0x00000000c2e00000, 0x00000000c2d00000| Untracked 
|   2|0x00000000c2e00000, 0x00000000c2f00000, 0x00000000c2f00000|100%| O|  |TAMS 0x00000000c2f00000, 0x00000000c2e00000| Untracked 
|   3|0x00000000c2f00000, 0x00000000c3000000, 0x00000000c3000000|100%| O|  |TAMS 0x00000000c3000000, 0x00000000c2f00000| Untracked 
|   4|0x00000000c3000000, 0x00000000c3100000, 0x00000000c3100000|100%| O|  |TAMS 0x00000000c3100000, 0x00000000c3000000| Untracked 
|   5|0x00000000c3100000, 0x00000000c3200000, 0x00000000c3200000|100%| O|  |TAMS 0x00000000c3200000, 0x00000000c3100000| Untracked 
|   6|0x00000000c3200000, 0x00000000c3300000, 0x00000000c3300000|100%| O|  |TAMS 0x00000000c3300000, 0x00000000c3200000| Untracked 
|   7|0x00000000c3300000, 0x00000000c3400000, 0x00000000c3400000|100%| O|  |TAMS 0x00000000c3400000, 0x00000000c3300000| Untracked 
|   8|0x00000000c3400000, 0x00000000c3500000, 0x00000000c3500000|100%| O|  |TAMS 0x00000000c3500000, 0x00000000c3400000| Untracked 
|   9|0x00000000c3500000, 0x00000000c356f400, 0x00000000c3600000| 43%| O|  |TAMS 0x00000000c356f400, 0x00000000c3500000| Untracked 
|  10|0x00000000c3600000, 0x00000000c3600000, 0x00000000c3700000|  0%| F|  |TAMS 0x00000000c3600000, 0x00000000c3600000| Untracked 
|  11|0x00000000c3700000, 0x00000000c3700000, 0x00000000c3800000|  0%| F|  |TAMS 0x00000000c3700000, 0x00000000c3700000| Untracked 
|  12|0x00000000c3800000, 0x00000000c3800000, 0x00000000c3900000|  0%| F|  |TAMS 0x00000000c3800000, 0x00000000c3800000| Untracked 
|  13|0x00000000c3900000, 0x00000000c3900000, 0x00000000c3a00000|  0%| F|  |TAMS 0x00000000c3900000, 0x00000000c3900000| Untracked 
|  14|0x00000000c3a00000, 0x00000000c3a00000, 0x00000000c3b00000|  0%| F|  |TAMS 0x00000000c3a00000, 0x00000000c3a00000| Untracked 
|  15|0x00000000c3b00000, 0x00000000c3b00000, 0x00000000c3c00000|  0%| F|  |TAMS 0x00000000c3b00000, 0x00000000c3b00000| Untracked 
|  16|0x00000000c3c00000, 0x00000000c3c00000, 0x00000000c3d00000|  0%| F|  |TAMS 0x00000000c3c00000, 0x00000000c3c00000| Untracked 
|  17|0x00000000c3d00000, 0x00000000c3d00000, 0x00000000c3e00000|  0%| F|  |TAMS 0x00000000c3d00000, 0x00000000c3d00000| Untracked 
|  18|0x00000000c3e00000, 0x00000000c3e00000, 0x00000000c3f00000|  0%| F|  |TAMS 0x00000000c3e00000, 0x00000000c3e00000| Untracked 
|  19|0x00000000c3f00000, 0x00000000c3f00000, 0x00000000c4000000|  0%| F|  |TAMS 0x00000000c3f00000, 0x00000000c3f00000| Untracked 
|  20|0x00000000c4000000, 0x00000000c4000000, 0x00000000c4100000|  0%| F|  |TAMS 0x00000000c4000000, 0x00000000c4000000| Untracked 
|  21|0x00000000c4100000, 0x00000000c4100000, 0x00000000c4200000|  0%| F|  |TAMS 0x00000000c4100000, 0x00000000c4100000| Untracked 
|  22|0x00000000c4200000, 0x00000000c4200000, 0x00000000c4300000|  0%| F|  |TAMS 0x00000000c4200000, 0x00000000c4200000| Untracked 
|  23|0x00000000c4300000, 0x00000000c4300000, 0x00000000c4400000|  0%| F|  |TAMS 0x00000000c4300000, 0x00000000c4300000| Untracked 
|  24|0x00000000c4400000, 0x00000000c4400000, 0x00000000c4500000|  0%| F|  |TAMS 0x00000000c4400000, 0x00000000c4400000| Untracked 
|  25|0x00000000c4500000, 0x00000000c4500000, 0x00000000c4600000|  0%| F|  |TAMS 0x00000000c4500000, 0x00000000c4500000| Untracked 
|  26|0x00000000c4600000, 0x00000000c4600000, 0x00000000c4700000|  0%| F|  |TAMS 0x00000000c4600000, 0x00000000c4600000| Untracked 
|  27|0x00000000c4700000, 0x00000000c4700000, 0x00000000c4800000|  0%| F|  |TAMS 0x00000000c4700000, 0x00000000c4700000| Untracked 
|  28|0x00000000c4800000, 0x00000000c4800000, 0x00000000c4900000|  0%| F|  |TAMS 0x00000000c4800000, 0x00000000c4800000| Untracked 
|  29|0x00000000c4900000, 0x00000000c4900000, 0x00000000c4a00000|  0%| F|  |TAMS 0x00000000c4900000, 0x00000000c4900000| Untracked 
|  30|0x00000000c4a00000, 0x00000000c4a00000, 0x00000000c4b00000|  0%| F|  |TAMS 0x00000000c4a00000, 0x00000000c4a00000| Untracked 
|  31|0x00000000c4b00000, 0x00000000c4b00000, 0x00000000c4c00000|  0%| F|  |TAMS 0x00000000c4b00000, 0x00000000c4b00000| Untracked 
|  32|0x00000000c4c00000, 0x00000000c4c00000, 0x00000000c4d00000|  0%| F|  |TAMS 0x00000000c4c00000, 0x00000000c4c00000| Untracked 
|  33|0x00000000c4d00000, 0x00000000c4d00000, 0x00000000c4e00000|  0%| F|  |TAMS 0x00000000c4d00000, 0x00000000c4d00000| Untracked 
|  34|0x00000000c4e00000, 0x00000000c4e00000, 0x00000000c4f00000|  0%| F|  |TAMS 0x00000000c4e00000, 0x00000000c4e00000| Untracked 
|  35|0x00000000c4f00000, 0x00000000c4f00000, 0x00000000c5000000|  0%| F|  |TAMS 0x00000000c4f00000, 0x00000000c4f00000| Untracked 
|  36|0x00000000c5000000, 0x00000000c5000000, 0x00000000c5100000|  0%| F|  |TAMS 0x00000000c5000000, 0x00000000c5000000| Untracked 
|  37|0x00000000c5100000, 0x00000000c5100000, 0x00000000c5200000|  0%| F|  |TAMS 0x00000000c5100000, 0x00000000c5100000| Untracked 
|  38|0x00000000c5200000, 0x00000000c5200000, 0x00000000c5300000|  0%| F|  |TAMS 0x00000000c5200000, 0x00000000c5200000| Untracked 
|  39|0x00000000c5300000, 0x00000000c5300000, 0x00000000c5400000|  0%| F|  |TAMS 0x00000000c5300000, 0x00000000c5300000| Untracked 
|  40|0x00000000c5400000, 0x00000000c5400000, 0x00000000c5500000|  0%| F|  |TAMS 0x00000000c5400000, 0x00000000c5400000| Untracked 
|  41|0x00000000c5500000, 0x00000000c5500000, 0x00000000c5600000|  0%| F|  |TAMS 0x00000000c5500000, 0x00000000c5500000| Untracked 
|  42|0x00000000c5600000, 0x00000000c5700000, 0x00000000c5700000|100%| S|CS|TAMS 0x00000000c5600000, 0x00000000c5600000| Complete 
|  43|0x00000000c5700000, 0x00000000c5700000, 0x00000000c5800000|  0%| F|  |TAMS 0x00000000c5700000, 0x00000000c5700000| Untracked 
|  44|0x00000000c5800000, 0x00000000c5900000, 0x00000000c5900000|100%| E|  |TAMS 0x00000000c5800000, 0x00000000c5800000| Complete 
|  45|0x00000000c5900000, 0x00000000c5a00000, 0x00000000c5a00000|100%| E|CS|TAMS 0x00000000c5900000, 0x00000000c5900000| Complete 
|  46|0x00000000c5a00000, 0x00000000c5b00000, 0x00000000c5b00000|100%| E|CS|TAMS 0x00000000c5a00000, 0x00000000c5a00000| Complete 
|  47|0x00000000c5b00000, 0x00000000c5c00000, 0x00000000c5c00000|100%| E|CS|TAMS 0x00000000c5b00000, 0x00000000c5b00000| Complete 
|  48|0x00000000c5c00000, 0x00000000c5d00000, 0x00000000c5d00000|100%| E|CS|TAMS 0x00000000c5c00000, 0x00000000c5c00000| Complete 
|  49|0x00000000c5d00000, 0x00000000c5e00000, 0x00000000c5e00000|100%| E|CS|TAMS 0x00000000c5d00000, 0x00000000c5d00000| Complete 
|  50|0x00000000c5e00000, 0x00000000c5f00000, 0x00000000c5f00000|100%| E|CS|TAMS 0x00000000c5e00000, 0x00000000c5e00000| Complete 
|  51|0x00000000c5f00000, 0x00000000c6000000, 0x00000000c6000000|100%| E|CS|TAMS 0x00000000c5f00000, 0x00000000c5f00000| Complete 
|  52|0x00000000c6000000, 0x00000000c6100000, 0x00000000c6100000|100%| E|CS|TAMS 0x00000000c6000000, 0x00000000c6000000| Complete 
|  53|0x00000000c6100000, 0x00000000c6200000, 0x00000000c6200000|100%| E|CS|TAMS 0x00000000c6100000, 0x00000000c6100000| Complete 
|  54|0x00000000c6200000, 0x00000000c6300000, 0x00000000c6300000|100%| E|CS|TAMS 0x00000000c6200000, 0x00000000c6200000| Complete 
|  55|0x00000000c6300000, 0x00000000c6400000, 0x00000000c6400000|100%| E|CS|TAMS 0x00000000c6300000, 0x00000000c6300000| Complete 
|  56|0x00000000c6400000, 0x00000000c6500000, 0x00000000c6500000|100%| E|CS|TAMS 0x00000000c6400000, 0x00000000c6400000| Complete 
|  57|0x00000000c6500000, 0x00000000c6600000, 0x00000000c6600000|100%| E|CS|TAMS 0x00000000c6500000, 0x00000000c6500000| Complete 
|  58|0x00000000c6600000, 0x00000000c6700000, 0x00000000c6700000|100%| E|CS|TAMS 0x00000000c6600000, 0x00000000c6600000| Complete 
|  59|0x00000000c6700000, 0x00000000c6800000, 0x00000000c6800000|100%| E|CS|TAMS 0x00000000c6700000, 0x00000000c6700000| Complete 
|  60|0x00000000c6800000, 0x00000000c6900000, 0x00000000c6900000|100%| E|CS|TAMS 0x00000000c6800000, 0x00000000c6800000| Complete 
|  61|0x00000000c6900000, 0x00000000c6a00000, 0x00000000c6a00000|100%| E|CS|TAMS 0x00000000c6900000, 0x00000000c6900000| Complete 

Card table byte_map: [0x000001dedd4a0000,0x000001dedd690000] _byte_map_base: 0x000001dedce8a000

Marking Bits (Prev, Next): (CMBitMap*) 0x000001dec614e920, (CMBitMap*) 0x000001dec614e8e8
 Prev Bits: [0x000001dede7d0000, 0x000001dedf720000)
 Next Bits: [0x000001dedd880000, 0x000001dede7d0000)

Polling page: 0x000001dec58f0000

Metaspace:

Usage:
  Non-class:     25.33 MB capacity,    25.06 MB ( 99%) used,   222.30 KB ( <1%) free+waste,    57.38 KB ( <1%) overhead. 
      Class:      3.25 MB capacity,     3.05 MB ( 94%) used,   176.03 KB (  5%) free+waste,    28.50 KB ( <1%) overhead. 
       Both:     28.58 MB capacity,    28.11 MB ( 98%) used,   398.33 KB (  1%) free+waste,    85.88 KB ( <1%) overhead. 

Virtual space:
  Non-class space:       26.00 MB reserved,      25.50 MB ( 98%) committed 
      Class space:        1.00 GB reserved,       3.38 MB ( <1%) committed 
             Both:        1.03 GB reserved,      28.88 MB (  3%) committed 

Chunk freelists:
   Non-Class:  0 bytes
       Class:  0 bytes
        Both:  0 bytes

CodeHeap 'non-profiled nmethods': size=120064Kb used=856Kb max_used=856Kb free=119207Kb
 bounds [0x000001ded5f60000, 0x000001ded61d0000, 0x000001dedd4a0000]
CodeHeap 'profiled nmethods': size=120000Kb used=5453Kb max_used=5453Kb free=114546Kb
 bounds [0x000001decea30000, 0x000001decef90000, 0x000001ded5f60000]
CodeHeap 'non-nmethods': size=5696Kb used=1174Kb max_used=1192Kb free=4521Kb
 bounds [0x000001dece4a0000, 0x000001dece710000, 0x000001decea30000]
 total_blobs=3450 nmethods=2394 adapters=436
 compilation: enabled
              stopped_count=0, restarted_count=0
 full_count=0

Compilation events (10 events):
Event: 8.098 Thread 0x000001dee1a14800 2391       3       java.lang.invoke.MemberName::<init> (25 bytes)
Event: 8.098 Thread 0x000001dee1a14800 nmethod 2391 0x000001decef80090 code [0x000001decef80280, 0x000001decef80510]
Event: 8.098 Thread 0x000001dee1a14800 2392       3       java.lang.invoke.MethodHandles$Lookup::resolveOrFail (42 bytes)
Event: 8.099 Thread 0x000001dee1a14800 nmethod 2392 0x000001decef80690 code [0x000001decef80920, 0x000001decef81290]
Event: 8.100 Thread 0x000001dee1a14800 2393       3       java.util.ArrayList::toArray (12 bytes)
Event: 8.101 Thread 0x000001dee1a14800 nmethod 2393 0x000001decef81690 code [0x000001decef81860, 0x000001decef81a90]
Event: 8.102 Thread 0x000001dee1a14800 2396       3       java.lang.reflect.Modifier::isVolatile (13 bytes)
Event: 8.102 Thread 0x000001dee1a14800 nmethod 2396 0x000001decef81b90 code [0x000001decef81d40, 0x000001decef81ed8]
Event: 8.102 Thread 0x000001dee1a14800 2397       3       java.lang.invoke.BoundMethodHandle$Specializer$Factory::chooseFieldName (25 bytes)
Event: 8.103 Thread 0x000001dee1a14800 nmethod 2397 0x000001decef81f90 code [0x000001decef82280, 0x000001decef82fc0]

GC Heap History (10 events):
Event: 1.765 GC heap before
{Heap before GC invocations=1 (full 0):
 garbage-first heap   total 63488K, used 7789K [0x00000000c2c00000, 0x0000000100000000)
  region size 1024K, 3 young (3072K), 1 survivors (1024K)
 Metaspace       used 8994K, capacity 9144K, committed 9344K, reserved 1058816K
  class space    used 832K, capacity 874K, committed 896K, reserved 1048576K
}
Event: 1.775 GC heap after
{Heap after GC invocations=2 (full 0):
 garbage-first heap   total 63488K, used 6165K [0x00000000c2c00000, 0x0000000100000000)
  region size 1024K, 1 young (1024K), 1 survivors (1024K)
 Metaspace       used 8994K, capacity 9144K, committed 9344K, reserved 1058816K
  class space    used 832K, capacity 874K, committed 896K, reserved 1048576K
}
Event: 4.276 GC heap before
{Heap before GC invocations=2 (full 0):
 garbage-first heap   total 63488K, used 15381K [0x00000000c2c00000, 0x0000000100000000)
  region size 1024K, 10 young (10240K), 1 survivors (1024K)
 Metaspace       used 14791K, capacity 15050K, committed 15232K, reserved 1062912K
  class space    used 1478K, capacity 1566K, committed 1664K, reserved 1048576K
}
Event: 4.285 GC heap after
{Heap after GC invocations=3 (full 0):
 garbage-first heap   total 63488K, used 7945K [0x00000000c2c00000, 0x0000000100000000)
  region size 1024K, 2 young (2048K), 2 survivors (2048K)
 Metaspace       used 14791K, capacity 15050K, committed 15232K, reserved 1062912K
  class space    used 1478K, capacity 1566K, committed 1664K, reserved 1048576K
}
Event: 5.878 GC heap before
{Heap before GC invocations=3 (full 0):
 garbage-first heap   total 63488K, used 21257K [0x00000000c2c00000, 0x0000000100000000)
  region size 1024K, 16 young (16384K), 2 survivors (2048K)
 Metaspace       used 20761K, capacity 21103K, committed 21248K, reserved 1069056K
  class space    used 2144K, capacity 2286K, committed 2304K, reserved 1048576K
}
Event: 5.888 GC heap after
{Heap after GC invocations=4 (full 0):
 garbage-first heap   total 63488K, used 9751K [0x00000000c2c00000, 0x0000000100000000)
  region size 1024K, 2 young (2048K), 2 survivors (2048K)
 Metaspace       used 20761K, capacity 21103K, committed 21248K, reserved 1069056K
  class space    used 2144K, capacity 2286K, committed 2304K, reserved 1048576K
}
Event: 5.927 GC heap before
{Heap before GC invocations=4 (full 0):
 garbage-first heap   total 63488K, used 9751K [0x00000000c2c00000, 0x0000000100000000)
  region size 1024K, 3 young (3072K), 2 survivors (2048K)
 Metaspace       used 20883K, capacity 21167K, committed 21248K, reserved 1069056K
  class space    used 2158K, capacity 2286K, committed 2304K, reserved 1048576K
}
Event: 5.932 GC heap after
{Heap after GC invocations=5 (full 0):
 garbage-first heap   total 63488K, used 9955K [0x00000000c2c00000, 0x0000000100000000)
  region size 1024K, 1 young (1024K), 1 survivors (1024K)
 Metaspace       used 20883K, capacity 21167K, committed 21248K, reserved 1069056K
  class space    used 2158K, capacity 2286K, committed 2304K, reserved 1048576K
}
Event: 6.994 GC heap before
{Heap before GC invocations=6 (full 0):
 garbage-first heap   total 63488K, used 28387K [0x00000000c2c00000, 0x0000000100000000)
  region size 1024K, 19 young (19456K), 1 survivors (1024K)
 Metaspace       used 25221K, capacity 25690K, committed 25984K, reserved 1073152K
  class space    used 2677K, capacity 2887K, committed 2944K, reserved 1048576K
}
Event: 6.999 GC heap after
{Heap after GC invocations=7 (full 0):
 garbage-first heap   total 63488K, used 10685K [0x00000000c2c00000, 0x0000000100000000)
  region size 1024K, 1 young (1024K), 1 survivors (1024K)
 Metaspace       used 25221K, capacity 25690K, committed 25984K, reserved 1073152K
  class space    used 2677K, capacity 2887K, committed 2944K, reserved 1048576K
}

Deoptimization events (10 events):
Event: 6.686 Thread 0x000001dec6124000 Uncommon trap: reason=bimorphic_or_optimized_type_check action=maybe_recompile pc=0x000001ded60037d4 method=java.util.regex.Pattern$Start.match(Ljava/util/regex/Matcher;ILjava/lang/CharSequence;)Z @ 44 c2
Event: 6.686 Thread 0x000001dec6124000 Uncommon trap: reason=bimorphic_or_optimized_type_check action=maybe_recompile pc=0x000001ded60037d4 method=java.util.regex.Pattern$Start.match(Ljava/util/regex/Matcher;ILjava/lang/CharSequence;)Z @ 44 c2
Event: 7.216 Thread 0x000001dec6124000 Uncommon trap: reason=unstable_if action=reinterpret pc=0x000001ded5fb5e94 method=java.util.HashMap.hash(Ljava/lang/Object;)I @ 1 c2
Event: 7.345 Thread 0x000001dec6124000 Uncommon trap: reason=class_check action=maybe_recompile pc=0x000001ded5ffc060 method=java.io.DataInputStream.readUnsignedShort()I @ 4 c2
Event: 7.345 Thread 0x000001dec6124000 Uncommon trap: reason=class_check action=maybe_recompile pc=0x000001ded5ffc060 method=java.io.DataInputStream.readUnsignedShort()I @ 4 c2
Event: 7.345 Thread 0x000001dec6124000 Uncommon trap: reason=class_check action=maybe_recompile pc=0x000001ded5ffc060 method=java.io.DataInputStream.readUnsignedShort()I @ 4 c2
Event: 7.345 Thread 0x000001dec6124000 Uncommon trap: reason=class_check action=maybe_recompile pc=0x000001ded5ffc060 method=java.io.DataInputStream.readUnsignedShort()I @ 4 c2
Event: 7.461 Thread 0x000001dec6124000 Uncommon trap: reason=unstable_if action=reinterpret pc=0x000001ded6014718 method=java.io.DataInputStream.readUTF(Ljava/io/DataInput;)Ljava/lang/String; @ 31 c2
Event: 7.949 Thread 0x000001dec6124000 Uncommon trap: reason=unstable_if action=reinterpret pc=0x000001ded602e498 method=org.apache.xmlbeans.impl.store.Xobj.isNormal(I)Z @ 39 c2
Event: 7.949 Thread 0x000001dec6124000 Uncommon trap: reason=unstable_if action=reinterpret pc=0x000001ded602ed24 method=org.apache.xmlbeans.impl.store.Xobj.isNormal(I)Z @ 39 c2

Classes redefined (0 events):
No events

Internal exceptions (10 events):
Event: 6.189 Thread 0x000001dec6124000 Exception <a 'java/lang/ClassNotFoundException'{0x00000000c657b8c8}: java/lang/ObjectCustomizer> (0x00000000c657b8c8) thrown at [t:/workspace/open/src/hotspot/share/classfile/systemDictionary.cpp, line 231]
Event: 6.212 Thread 0x000001dec6124000 Exception <a 'java/lang/ClassNotFoundException'{0x00000000c6582ff8}: java/lang/EnumCustomizer> (0x00000000c6582ff8) thrown at [t:/workspace/open/src/hotspot/share/classfile/systemDictionary.cpp, line 231]
Event: 6.216 Thread 0x000001dec6124000 Exception <a 'java/lang/ClassNotFoundException'{0x00000000c6593918}: com/aventstack/extentreports/StatusCustomizer> (0x00000000c6593918) thrown at [t:/workspace/open/src/hotspot/share/classfile/systemDictionary.cpp, line 231]
Event: 6.277 Thread 0x000001dec6124000 Exception <a 'java/lang/NoSuchMethodError'{0x00000000c64ac248}: java.lang.invoke.DirectMethodHandle$Holder.invokeInterface(Ljava/lang/Object;Ljava/lang/Object;)V> (0x00000000c64ac248) thrown at [t:/workspace/open/src/hotspot/share/interpreter/linkResolver
Event: 6.483 Thread 0x000001dec6124000 Exception <a 'java/lang/NoSuchMethodError'{0x00000000c5f760f8}: java.lang.invoke.DirectMethodHandle$Holder.invokeStatic(Ljava/lang/Object;ILjava/lang/Object;)Ljava/lang/Object;> (0x00000000c5f760f8) thrown at [t:/workspace/open/src/hotspot/share/interpret
Event: 6.563 Thread 0x000001dec6124000 Exception <a 'java/lang/NoSuchMethodError'{0x00000000c5ec6160}: java.lang.invoke.DirectMethodHandle$Holder.invokeVirtual(Ljava/lang/Object;Ljava/lang/Object;Ljava/lang/Object;Ljava/lang/Object;)V> (0x00000000c5ec6160) thrown at [t:/workspace/open/src/hots
Event: 6.579 Thread 0x000001dec6124000 Exception <a 'java/lang/NoSuchMethodError'{0x00000000c5d0bab0}: java.lang.invoke.DirectMethodHandle$Holder.invokeStatic(Ljava/lang/Object;Ljava/lang/Object;Ljava/lang/Object;I)V> (0x00000000c5d0bab0) thrown at [t:/workspace/open/src/hotspot/share/interpre
Event: 6.579 Thread 0x000001dec6124000 Exception <a 'java/lang/NoSuchMethodError'{0x00000000c5d0eb08}: java.lang.invoke.DirectMethodHandle$Holder.invokeStaticInit(Ljava/lang/Object;Ljava/lang/Object;Ljava/lang/Object;I)V> (0x00000000c5d0eb08) thrown at [t:/workspace/open/src/hotspot/share/inte
Event: 6.965 Thread 0x000001dec6124000 Exception <a 'java/lang/NoSuchMethodError'{0x00000000c577d688}: java.lang.invoke.DirectMethodHandle$Holder.newInvokeSpecial(Ljava/lang/Object;Ljava/lang/Object;Ljava/lang/Object;)Ljava/lang/Object;> (0x00000000c577d688) thrown at [t:/workspace/open/src/ho
Event: 7.216 Thread 0x000001dec6124000 Implicit null exception at 0x000001ded5fb5df8 to 0x000001ded5fb5e8a

Events (10 events):
Event: 8.073 loading class org/apache/poi/util/StringUtil
Event: 8.073 loading class org/apache/poi/util/StringUtil done
Event: 8.075 loading class java/nio/charset/Charset$ExtendedProviderHolder
Event: 8.076 loading class java/nio/charset/Charset$ExtendedProviderHolder done
Event: 8.076 loading class java/nio/charset/Charset$ExtendedProviderHolder$1
Event: 8.076 loading class java/nio/charset/Charset$ExtendedProviderHolder$1 done
Event: 8.097 loading class java/lang/invoke/BoundMethodHandle$Species_LLLLLLLLLI
Event: 8.097 loading class java/lang/invoke/BoundMethodHandle$Species_LLLLLLLLLI done
Event: 8.101 loading class java/lang/invoke/BoundMethodHandle$Species_LLLLLLLLLII
Event: 8.102 loading class java/lang/invoke/BoundMethodHandle$Species_LLLLLLLLLII done


Dynamic libraries:
0x00007ff698ab0000 - 0x00007ff698af7000 	C:\Program Files\Java\jdk-11.0.6\bin\javaw.exe
0x00007ff8b1ee0000 - 0x00007ff8b20d0000 	C:\WINDOWS\SYSTEM32\ntdll.dll
0x00007ff8b0380000 - 0x00007ff8b0432000 	C:\WINDOWS\System32\KERNEL32.DLL
0x00007ff8afce0000 - 0x00007ff8aff84000 	C:\WINDOWS\System32\KERNELBASE.dll
0x00007ff8b1450000 - 0x00007ff8b14f3000 	C:\WINDOWS\System32\ADVAPI32.dll
0x00007ff8b0440000 - 0x00007ff8b04de000 	C:\WINDOWS\System32\msvcrt.dll
0x00007ff8b02e0000 - 0x00007ff8b0377000 	C:\WINDOWS\System32\sechost.dll
0x00007ff8b0060000 - 0x00007ff8b0180000 	C:\WINDOWS\System32\RPCRT4.dll
0x00007ff8b0570000 - 0x00007ff8b0705000 	C:\WINDOWS\System32\USER32.dll
0x00007ff8af0e0000 - 0x00007ff8af101000 	C:\WINDOWS\System32\win32u.dll
0x00007ff8b0540000 - 0x00007ff8b0566000 	C:\WINDOWS\System32\GDI32.dll
0x00007ff8af110000 - 0x00007ff8af2a6000 	C:\WINDOWS\System32\gdi32full.dll
0x00007ff8afa40000 - 0x00007ff8afade000 	C:\WINDOWS\System32\msvcp_win.dll
0x00007ff8aee60000 - 0x00007ff8aef5a000 	C:\WINDOWS\System32\ucrtbase.dll
0x00007ff892ac0000 - 0x00007ff892d44000 	C:\WINDOWS\WinSxS\amd64_microsoft.windows.common-controls_6595b64144ccf1df_6.0.18362.1016_none_9e7a36bbe461dae4\COMCTL32.dll
0x00007ff8aa0f0000 - 0x00007ff8aa0fa000 	C:\WINDOWS\SYSTEM32\VERSION.dll
0x00007ff8b1ae0000 - 0x00007ff8b1e15000 	C:\WINDOWS\System32\combase.dll
0x00007ff8aef60000 - 0x00007ff8aefe0000 	C:\WINDOWS\System32\bcryptPrimitives.dll
0x00007ff8b0cc0000 - 0x00007ff8b0cee000 	C:\WINDOWS\System32\IMM32.DLL
0x00007ff89ce90000 - 0x00007ff89cea6000 	C:\Program Files\Java\jdk-11.0.6\bin\vcruntime140.dll
0x00007ff8921a0000 - 0x00007ff89224a000 	C:\Program Files\Java\jdk-11.0.6\bin\msvcp140.dll
0x00007ff85dc50000 - 0x00007ff85e779000 	C:\Program Files\Java\jdk-11.0.6\bin\server\jvm.dll
0x00007ff8b17a0000 - 0x00007ff8b17a8000 	C:\WINDOWS\System32\PSAPI.DLL
0x00007ff8a9fe0000 - 0x00007ff8a9fe9000 	C:\WINDOWS\SYSTEM32\WSOCK32.dll
0x00007ff8b07e0000 - 0x00007ff8b084f000 	C:\WINDOWS\System32\WS2_32.dll
0x00007ff8a4a50000 - 0x00007ff8a4a74000 	C:\WINDOWS\SYSTEM32\WINMM.dll
0x00007ff8a49d0000 - 0x00007ff8a49fd000 	C:\WINDOWS\SYSTEM32\winmmbase.dll
0x00007ff8af090000 - 0x00007ff8af0da000 	C:\WINDOWS\System32\cfgmgr32.dll
0x00007ff8aeda0000 - 0x00007ff8aedb1000 	C:\WINDOWS\System32\kernel.appcore.dll
0x00007ff8a7170000 - 0x00007ff8a7181000 	C:\Program Files\Java\jdk-11.0.6\bin\verify.dll
0x00007ff8ad6e0000 - 0x00007ff8ad8d4000 	C:\WINDOWS\SYSTEM32\DBGHELP.DLL
0x00007ff8a8d40000 - 0x00007ff8a8d6a000 	C:\WINDOWS\SYSTEM32\dbgcore.DLL
0x00007ff8a5760000 - 0x00007ff8a5789000 	C:\Program Files\Java\jdk-11.0.6\bin\java.dll
0x00007ff8a5630000 - 0x00007ff8a5646000 	C:\Program Files\Java\jdk-11.0.6\bin\zip.dll
0x00007ff8a9170000 - 0x00007ff8a917a000 	C:\Program Files\Java\jdk-11.0.6\bin\jimage.dll
0x00007ff8b0d50000 - 0x00007ff8b1437000 	C:\WINDOWS\System32\SHELL32.dll
0x00007ff8b17b0000 - 0x00007ff8b1859000 	C:\WINDOWS\System32\shcore.dll
0x00007ff8af2b0000 - 0x00007ff8afa32000 	C:\WINDOWS\System32\windows.storage.dll
0x00007ff8aee10000 - 0x00007ff8aee33000 	C:\WINDOWS\System32\profapi.dll
0x00007ff8aedc0000 - 0x00007ff8aee0a000 	C:\WINDOWS\System32\powrprof.dll
0x00007ff8aed90000 - 0x00007ff8aeda0000 	C:\WINDOWS\System32\UMPDC.dll
0x00007ff8b04e0000 - 0x00007ff8b0532000 	C:\WINDOWS\System32\shlwapi.dll
0x00007ff8aefe0000 - 0x00007ff8aeff7000 	C:\WINDOWS\System32\cryptsp.dll
0x00007ff8a54e0000 - 0x00007ff8a54f9000 	C:\Program Files\Java\jdk-11.0.6\bin\net.dll
0x00007ff8a5a40000 - 0x00007ff8a5b30000 	C:\WINDOWS\SYSTEM32\WINHTTP.dll
0x00007ff8ae590000 - 0x00007ff8ae5f7000 	C:\WINDOWS\system32\mswsock.dll
0x00007ff8a54c0000 - 0x00007ff8a54d3000 	C:\Program Files\Java\jdk-11.0.6\bin\nio.dll
0x00007ff8ae2e0000 - 0x00007ff8ae3ab000 	C:\WINDOWS\SYSTEM32\DNSAPI.dll
0x00007ff8b15e0000 - 0x00007ff8b15e8000 	C:\WINDOWS\System32\NSI.dll
0x00007ff8ae2a0000 - 0x00007ff8ae2da000 	C:\WINDOWS\SYSTEM32\IPHLPAPI.DLL
0x00007ff8a58b0000 - 0x00007ff8a58ba000 	C:\Windows\System32\rasadhlp.dll
0x00007ff8a59c0000 - 0x00007ff8a5a37000 	C:\WINDOWS\System32\fwpuclnt.dll
0x00007ff8af000000 - 0x00007ff8af026000 	C:\WINDOWS\System32\bcrypt.dll
0x00007ff8a8b10000 - 0x00007ff8a8b1d000 	C:\Program Files\Java\jdk-11.0.6\bin\sunmscapi.dll
0x00007ff8afae0000 - 0x00007ff8afc29000 	C:\WINDOWS\System32\CRYPT32.dll
0x00007ff8aee40000 - 0x00007ff8aee52000 	C:\WINDOWS\System32\MSASN1.dll
0x00007ff8ae860000 - 0x00007ff8ae886000 	C:\WINDOWS\SYSTEM32\ncrypt.dll
0x00007ff8ae820000 - 0x00007ff8ae85b000 	C:\WINDOWS\SYSTEM32\NTASN1.dll
0x00007ff8a0150000 - 0x00007ff8a0177000 	C:\Program Files\Java\jdk-11.0.6\bin\sunec.dll
0x00007ff8ae100000 - 0x00007ff8ae133000 	C:\WINDOWS\system32\rsaenh.dll
0x00007ff8aec80000 - 0x00007ff8aeca5000 	C:\WINDOWS\SYSTEM32\USERENV.dll
0x00007ff8ae760000 - 0x00007ff8ae76c000 	C:\WINDOWS\SYSTEM32\CRYPTBASE.dll
0x00007ff8a5de0000 - 0x00007ff8a5df6000 	C:\WINDOWS\SYSTEM32\dhcpcsvc6.DLL
0x00007ff8a62c0000 - 0x00007ff8a62dc000 	C:\WINDOWS\SYSTEM32\dhcpcsvc.DLL

dbghelp: loaded successfully - version: 4.0.5 - missing functions: none
symbol engine: initialized successfully - sym options: 0x614 - pdb path: .;C:\Program Files\Java\jdk-11.0.6\bin;C:\WINDOWS\SYSTEM32;C:\WINDOWS\WinSxS\amd64_microsoft.windows.common-controls_6595b64144ccf1df_6.0.18362.1016_none_9e7a36bbe461dae4;C:\Program Files\Java\jdk-11.0.6\bin\server

VM Arguments:
jvm_args: -ea -Dtestng.dtd.http=true -Dfile.encoding=Cp1252 
java_command: org.testng.remote.RemoteTestNG -serport 59113 -protocol json -d C:\Users\kaab_\eclipse-workspace\TribaleScale\test-output C:\Users\kaab_\eclipse-workspace\TribaleScale\TestNG.xml
java_class_path (initial): C:\Users\kaab_\eclipse\java-2020-03\eclipse\configuration\org.eclipse.osgi\628\0\.cp\lib\testng-remote.jar;C:\Users\kaab_\eclipse-workspace\TribaleScale\target\test-classes;C:\Users\kaab_\eclipse-workspace\TribaleScale\target\classes;C:\Users\kaab_\.p2\pool\plugins\org.testng_7.2.0.r202003151902.jar;C:\Users\kaab_\.p2\pool\plugins\com.beust.jcommander_1.72.0.jar;C:\Users\kaab_\.p2\pool\plugins\org.apache-extras.beanshell.bsh_2.0.0.b6.jar;C:\Users\kaab_\.p2\pool\plugins\org.yaml.snakeyaml_1.21.0.jar;C:\Users\kaab_\.m2\repository\junit\junit\4.11\junit-4.11.jar;C:\Users\kaab_\.m2\repository\org\hamcrest\hamcrest-core\1.3\hamcrest-core-1.3.jar;C:\Users\kaab_\.m2\repository\org\seleniumhq\selenium\selenium-java\3.141.59\selenium-java-3.141.59.jar;C:\Users\kaab_\.m2\repository\org\seleniumhq\selenium\selenium-api\3.141.59\selenium-api-3.141.59.jar;C:\Users\kaab_\.m2\repository\org\seleniumhq\selenium\selenium-chrome-driver\3.141.59\selenium-chrome-driver-3.141.59.jar;C:\Users\kaab_\.m2\repository\org\seleniumhq\selenium\selenium-edge-driver\3.141.59\selenium-edge-driver-3.141.59.jar;C:\Users\kaab_\.m2\repository\org\seleniumhq\selenium\selenium-firefox-driver\3.141.59\selenium-firefox-driver-3.141.59.jar;C:\Users\kaab_\.m2\repository\org\seleniumhq\selenium\selenium-ie-driver\3.141.59\selenium-ie-driver-3.141.59.jar;C:\Users\kaab_\.m2\repository\org\seleniumhq\selenium\selenium-opera-driver\3.141.59\selenium-opera-driver-3.141.59.jar;C:\Users\kaab_\.m2\repository\org\seleniumhq\selenium\selenium-remote-driver\3.141.59\selenium-remote-driver-3.141.59.jar;C:\Users\kaab_\.m2\repository\org\seleniumhq\selenium\selenium-safari-driver\3.141.59\selenium-safari-driver-3.141.59.jar;C:\Users\kaab_\.m2\repository\org\seleniumhq\selenium\selenium-support\3.141.59\selenium-support-3.141.59.jar;C:\Users\kaab_\.m2\repository\net\bytebuddy\byte-buddy\1.8.15\byte-buddy-1.8.15.jar;C:\Users\kaab_\.m2\repository\org\apache\commons\commons-exec\1.3\commons-exec-1
Launcher Type: SUN_STANDARD

[Global flags]
     intx CICompilerCount                          = 2                                         {product} {ergonomic}
     uint ConcGCThreads                            = 1                                         {product} {ergonomic}
     uint G1ConcRefinementThreads                  = 2                                         {product} {ergonomic}
   size_t G1HeapRegionSize                         = 1048576                                   {product} {ergonomic}
    uintx GCDrainStackTargetSize                   = 64                                        {product} {ergonomic}
   size_t InitialHeapSize                          = 65011712                                  {product} {ergonomic}
   size_t MarkStackSize                            = 4194304                                   {product} {ergonomic}
   size_t MaxHeapSize                              = 1027604480                                {product} {ergonomic}
   size_t MaxNewSize                               = 616562688                                 {product} {ergonomic}
   size_t MinHeapDeltaBytes                        = 1048576                                   {product} {ergonomic}
    uintx NonNMethodCodeHeapSize                   = 5825164                                {pd product} {ergonomic}
    uintx NonProfiledCodeHeapSize                  = 122916538                              {pd product} {ergonomic}
    uintx ProfiledCodeHeapSize                     = 122916538                              {pd product} {ergonomic}
    uintx ReservedCodeCacheSize                    = 251658240                              {pd product} {ergonomic}
     bool SegmentedCodeCache                       = true                                      {product} {ergonomic}
     bool UseCompressedClassPointers               = true                                 {lp64_product} {ergonomic}
     bool UseCompressedOops                        = true                                 {lp64_product} {ergonomic}
     bool UseG1GC                                  = true                                      {product} {ergonomic}
     bool UseLargePagesIndividualAllocation        = false                                  {pd product} {ergonomic}

Logging:
Log output configuration:
 #0: stdout all=warning uptime,level,tags
 #1: stderr all=off uptime,level,tags

Environment Variables:
JAVA_HOME=C:\Program Files\Java\jdk-11.0.6
PATH=C:/Program Files/Java/jdk-11.0.6/bin/server;C:/Program Files/Java/jdk-11.0.6/bin;C:\WINDOWS\system32;C:\WINDOWS;C:\WINDOWS\System32\Wbem;C:\WINDOWS\System32\WindowsPowerShell\v1.0\;C:\WINDOWS\System32\OpenSSH\;C:\Program Files\Java\jdk-11.0.6\bin;C:\Users\kaab_\apache-maven-3.6.3-bin\apache-maven-3.6.3\bin;D:\Git\bin;C:\Program Files\nodejs\;D:\Git\cmd;C:\Users\kaab_\apache-maven-3.6.3-bin\apache-maven-3.6.3;D:\Users\kaab_\AppData\Local\Android\Sdk\platform-tools;D:\Users\kaab_\AppData\Local\Android\Sdk\tools;D:\Users\kaab_\AppData\Local\Android\Sdk\build-tools;C:\Users\kaab_\apache-maven-3.6.3-bin\apache-maven-3.6.3\bin;C:\Program Files\Android\Android Studio\bin;C:\Program Files\TortoiseSVN\bin;D:\Users\kaab_\AppData\Microsoft\WindowsApps;C:\Users\kaab_\AppData\Roaming\npm;;C:\Users\kaab_\Desktop;
USERNAME=kaab_
OS=Windows_NT
PROCESSOR_IDENTIFIER=Intel64 Family 6 Model 122 Stepping 1, GenuineIntel



---------------  S Y S T E M  ---------------

OS: Windows 10 , 64 bit Build 18362 (10.0.18362.959)

CPU:total 2 (initial active 2) (2 cores per cpu, 1 threads per core) family 6 model 122 stepping 1, cmov, cx8, fxsr, mmx, sse, sse2, sse3, ssse3, sse4.1, sse4.2, popcnt, aes, clmul, erms, 3dnowpref, tsc, tscinvbit, sha

Memory: 4k page, system-wide physical 3919M (285M free)
TotalPageFile size 11233M (AvailPageFile size 288M)
current process WorkingSet (physical memory assigned to process): 110M, peak: 110M
current process commit charge ("private bytes"): 171M, peak: 171M

vm_info: Java HotSpot(TM) 64-Bit Server VM (11.0.6+8-LTS) for windows-amd64 JRE (11.0.6+8-LTS), built on Dec 11 2019 09:17:57 by "mach5one" with MS VC++ 15.5 (VS2017)

END.
